<?xml version="1.0" encoding="UTF-8"?>
<!-- Generated by org.testng.reporters.JUnitXMLReporter -->
<testsuite ignored="2" hostname="SURESH-PC" failures="0" tests="3" name="Test" time="0.212" errors="0" timestamp="2024-04-12T14:58:31 IST">
  <testcase classname="TestNGDemo.GroupTestDemo" name="VerifyLogin" time="0.029"/>
  <testcase classname="TestNGDemo.GroupTestDemo" name="VerifyTitle" time="0.004"/>
  <testcase classname="TestNGDemo.GroupTestDemo" name="VerifyLogout" time="0.002"/>
  <testcase classname="TestNGDemo.GroupTestDemo" name="VerifyUrl" time="0.0">
    <ignored/>
  </testcase> <!-- VerifyUrl -->
  <testcase classname="TestNGDemo.GroupTestDemo" name="VerifyLink" time="0.0">
    <ignored/>
  </testcase> <!-- VerifyLink -->
</testsuite> <!-- Test -->
