<?xml version="1.0" encoding="UTF-8"?>
<testng-results ignored="0" total="1" passed="1" failed="0" skipped="0">
  <reporter-output>
  </reporter-output>
  <suite started-at="2024-04-13T10:07:01 IST" name="Default suite" finished-at="2024-04-13T10:07:08 IST" duration-ms="7046">
    <groups>
    </groups>
    <test started-at="2024-04-13T10:07:01 IST" name="Default test" finished-at="2024-04-13T10:07:08 IST" duration-ms="7046">
      <class name="TestNGDemo1.GoogleTitleValidation">
        <test-method signature="titleValidation()[pri:0, instance:TestNGDemo1.GoogleTitleValidation@67d48005]" started-at="2024-04-13T10:07:01 IST" name="titleValidation" finished-at="2024-04-13T10:07:08 IST" duration-ms="6912" status="PASS">
          <reporter-output>
          </reporter-output>
        </test-method> <!-- titleValidation -->
      </class> <!-- TestNGDemo1.GoogleTitleValidation -->
    </test> <!-- Default test -->
  </suite> <!-- Default suite -->
</testng-results>
