<?xml version="1.0" encoding="UTF-8"?>
<testsuite xmlns:xsi="http://www.w3.org/2001/XMLSchema-instance" xsi:noNamespaceSchemaLocation="https://maven.apache.org/surefire/maven-surefire-plugin/xsd/surefire-test-report.xsd" name="TestSuite" time="183.657" tests="24" errors="0" skipped="1" failures="2">
  <properties>
[...]
</properties>
  <testcase name="verifyUrl" classname="pageObjectModel.TestCases.LoginPageTest" time="0.033"/>
  <testcase name="verifyTitle" classname="pageObjectModel.TestCases.LoginPageTest" time="0.016"/>
  <testcase name="verifyLogin" classname="pageObjectModel.TestCases.LoginPageTest" time="2.553"/>
  <testcase name="verifyUrl" classname="pageObjectModel.TestCases.NewLoginPageTest" time="0.077"/>
  <testcase name="verifyLogin" classname="pageObjectModel.TestCases.NewLoginPageTest" time="5.37"/>
  <testcase name="testCase1" classname="TestNGDemo.TestDemo1" time="0"/>
  <testcase name="testcase2" classname="TestNGDemo.TestDemo1" time="0.002"/>
  <testcase name="ChromeTest" classname="TestNGDemo.TestDemo2" time="5.309"/>
  <testcase name="Firefox" classname="TestNGDemo.TestDemo2" time="85.818"/>
  <testcase name="edgeTest" classname="TestNGDemo.TestDemo2" time="10.341">
    <failure message="target frame detached&#10;  (failed to check if window was closed: disconnected: Unable to receive message from renderer)&#10;  (Session info: MicrosoftEdge=123.0.2420.81)&#10;Build info: version: &apos;4.16.1&apos;, revision: &apos;9b4c83354e&apos;&#10;System info: os.name: &apos;Windows 11&apos;, os.arch: &apos;amd64&apos;, os.version: &apos;10.0&apos;, java.version: &apos;17.0.9&apos;&#10;Driver info: org.openqa.selenium.edge.EdgeDriver&#10;Command: [3e2b76da71b46d2430e2419bc2c0b6e6, get {url=https://www.amazon.com}]&#10;Capabilities {acceptInsecureCerts: false, browserName: MicrosoftEdge, browserVersion: 123.0.2420.81, fedcm:accounts: true, ms:edgeOptions: {debuggerAddress: localhost:61825}, msedge: {msedgedriverVersion: 123.0.2420.81 (8acdca46cf48..., userDataDir: C:\Users\sures\AppData\Loca...}, networkConnectionEnabled: false, pageLoadStrategy: normal, platformName: windows, proxy: Proxy(), se:cdp: ws://localhost:61825/devtoo..., se:cdpVersion: 123.0.2420.81, setWindowRect: true, strictFileInteractability: false, timeouts: {implicit: 0, pageLoad: 300000, script: 30000}, unhandledPromptBehavior: dismiss and notify, webauthn:extension:credBlob: true, webauthn:extension:largeBlob: true, webauthn:extension:minPinLength: true, webauthn:extension:prf: true, webauthn:virtualAuthenticators: true}&#10;Session ID: 3e2b76da71b46d2430e2419bc2c0b6e6" type="org.openqa.selenium.WebDriverException">org.openqa.selenium.WebDriverException: 
target frame detached
  (failed to check if window was closed: disconnected: Unable to receive message from renderer)
  (Session info: MicrosoftEdge=123.0.2420.81)
Build info: version: '4.16.1', revision: '9b4c83354e'
System info: os.name: 'Windows 11', os.arch: 'amd64', os.version: '10.0', java.version: '17.0.9'
Driver info: org.openqa.selenium.edge.EdgeDriver
Command: [3e2b76da71b46d2430e2419bc2c0b6e6, get {url=https://www.amazon.com}]
Capabilities {acceptInsecureCerts: false, browserName: MicrosoftEdge, browserVersion: 123.0.2420.81, fedcm:accounts: true, ms:edgeOptions: {debuggerAddress: localhost:61825}, msedge: {msedgedriverVersion: 123.0.2420.81 (8acdca46cf48..., userDataDir: C:\Users\sures\AppData\Loca...}, networkConnectionEnabled: false, pageLoadStrategy: normal, platformName: windows, proxy: Proxy(), se:cdp: ws://localhost:61825/devtoo..., se:cdpVersion: 123.0.2420.81, setWindowRect: true, strictFileInteractability: false, timeouts: {implicit: 0, pageLoad: 300000, script: 30000}, unhandledPromptBehavior: dismiss and notify, webauthn:extension:credBlob: true, webauthn:extension:largeBlob: true, webauthn:extension:minPinLength: true, webauthn:extension:prf: true, webauthn:virtualAuthenticators: true}
Session ID: 3e2b76da71b46d2430e2419bc2c0b6e6
	at TestNGDemo.TestDemo2.edgeTest(TestDemo2.java:30)
</failure>
    <system-err><![CDATA[Apr 11, 2024 5:13:42 PM org.openqa.selenium.devtools.CdpVersionFinder findNearestMatch
WARNING: Unable to find an exact match for CDP version 123, returning the closest version; found: 120; Please update to a Selenium version that supports CDP version 123
]]></system-err>
  </testcase>
  <testcase name="RegisterTest" classname="TestNGDemo.TestDemo3_Priority" time="0"/>
  <testcase name="LoginTest" classname="TestNGDemo.TestDemo3_Priority" time="0"/>
  <testcase name="SearchProductTest" classname="TestNGDemo.TestDemo3_Priority" time="0"/>
  <testcase name="AddToCartTest" classname="TestNGDemo.TestDemo3_Priority" time="0"/>
  <testcase name="enrollForTheCourse" classname="TestNGDemo.TestDemo4_InvocationCount" time="0"/>
  <testcase name="training" classname="TestNGDemo.TestDemo4_InvocationCount" time="0"/>
  <testcase name="placementCall" classname="TestNGDemo.TestDemo4_InvocationCount" time="0"/>
  <testcase name="placementCall" classname="TestNGDemo.TestDemo4_InvocationCount" time="0"/>
  <testcase name="placementCall" classname="TestNGDemo.TestDemo4_InvocationCount" time="0"/>
  <testcase name="register" classname="TestNGDemo.TestDependsOnMethod" time="0.008">
    <failure type="java.lang.AssertionError:">java.lang.AssertionError: 
	at TestNGDemo.TestDependsOnMethod.register(TestDependsOnMethod.java:14)
</failure>
    <system-out><![CDATA[User must be register!
]]></system-out>
  </testcase>
  <testcase name="login" classname="TestNGDemo.TestDependsOnMethod" time="0">
    <skipped message="Method TestNGDemo.TestDependsOnMethod.login() on instance TestNGDemo.TestDependsOnMethod@1a0dcaa depends on not successfully finished methods &#10;[TestNGDemo.TestDependsOnMethod.register() on instance TestNGDemo.TestDependsOnMethod@1a0dcaa]"/>
  </testcase>
  <testcase name="testcase1" classname="TestNGDemo.TestDisableFromExecution" time="0"/>
  <testcase name="testcase2" classname="TestNGDemo.TestDisableFromExecution" time="0"/>
  <testcase name="testcase4" classname="TestNGDemo.TestDisableFromExecution" time="0"/>
</testsuite>