<?xml version="1.0" encoding="UTF-8"?>
<!-- Generated by org.testng.reporters.JUnitXMLReporter -->
<testsuite ignored="1" hostname="SURESH-PC" failures="1" tests="1" name="Default test(failed)" time="0.334" errors="0" timestamp="2024-04-12T12:06:38 IST">
  <testcase classname="TestNGDemo1.AssertioninTestNg" name="hardassertionTest" time="0.077">
    <failure type="java.lang.AssertionError" message="Fail:Strings are not equal  expected [Selenium webdriver is web Ui automation librabry] but found [Selenium webdriver is web UI automation librabry]">
      <![CDATA[java.lang.AssertionError: Fail:Strings are not equal  expected [Selenium webdriver is web Ui automation librabry] but found [Selenium webdriver is web UI automation librabry]
at TestNGDemo1.AssertioninTestNg.hardassertionTest(AssertioninTestNg.java:16)
at java.base/java.util.ArrayList.forEach(ArrayList.java:1511)
... Removed 32 stack frames]]>
    </failure>
  </testcase> <!-- hardassertionTest -->
  <testcase classname="TestNGDemo1.AssertioninTestNg" name="softassertionTest" time="0.0">
    <ignored/>
  </testcase> <!-- softassertionTest -->
</testsuite> <!-- Default test(failed) -->
